<?xml version="1.0" encoding="UTF-8"?>
<!-- Generated by org.testng.reporters.JUnitReportReporter -->
<testsuite skipped="0" hostname="Mikita" name="by.ntundt.lab12.test.MicrocontrollerTableTests" tests="1" failures="0" timestamp="2022-12-30T01:07:17 MSK" time="61.343" errors="0">
  <testcase name="filterWorks" time="61.343" classname="by.ntundt.lab12.test.MicrocontrollerTableTests"/>
  <system-out/>
</testsuite> <!-- by.ntundt.lab12.test.MicrocontrollerTableTests -->
