<?xml version="1.0" encoding="UTF-8"?>
<!-- Generated by org.testng.reporters.JUnitReportReporter -->
<testsuite skipped="0" hostname="Mikita" name="by.ntundt.lab12.test.SearchPageTests" tests="1" failures="0" timestamp="2022-12-30T01:07:17 MSK" time="31.004" errors="0">
  <testcase name="searchTest" time="31.004" classname="by.ntundt.lab12.test.SearchPageTests"/>
  <system-out/>
</testsuite> <!-- by.ntundt.lab12.test.SearchPageTests -->
